Performing C++ SOURCE FILE Test CMAKE_HAVE_LIBC_PTHREAD failed with the following output:
Change Dir: /home/lulu/hyc/HPL_GPU/CMakeFiles/CMakeTmp

Run Build Command(s):/usr/bin/make cmTC_5c141/fast && make[1]: Entering directory '/home/lulu/hyc/HPL_GPU/CMakeFiles/CMakeTmp'
/usr/bin/make -f CMakeFiles/cmTC_5c141.dir/build.make CMakeFiles/cmTC_5c141.dir/build
make[2]: Entering directory '/home/lulu/hyc/HPL_GPU/CMakeFiles/CMakeTmp'
Building CXX object CMakeFiles/cmTC_5c141.dir/src.cxx.o
/usr/bin/c++    -DCMAKE_HAVE_LIBC_PTHREAD   -o CMakeFiles/cmTC_5c141.dir/src.cxx.o -c /home/lulu/hyc/HPL_GPU/CMakeFiles/CMakeTmp/src.cxx
Linking CXX executable cmTC_5c141
/usr/bin/cmake -E cmake_link_script CMakeFiles/cmTC_5c141.dir/link.txt --verbose=1
/usr/bin/c++   -DCMAKE_HAVE_LIBC_PTHREAD    -rdynamic CMakeFiles/cmTC_5c141.dir/src.cxx.o  -o cmTC_5c141 
/usr/bin/ld: CMakeFiles/cmTC_5c141.dir/src.cxx.o: in function `main':
src.cxx:(.text+0x46): undefined reference to `pthread_create'
/usr/bin/ld: src.cxx:(.text+0x52): undefined reference to `pthread_detach'
/usr/bin/ld: src.cxx:(.text+0x63): undefined reference to `pthread_join'
collect2: error: ld returned 1 exit status
make[2]: *** [CMakeFiles/cmTC_5c141.dir/build.make:87: cmTC_5c141] Error 1
make[2]: Leaving directory '/home/lulu/hyc/HPL_GPU/CMakeFiles/CMakeTmp'
make[1]: *** [Makefile:121: cmTC_5c141/fast] Error 2
make[1]: Leaving directory '/home/lulu/hyc/HPL_GPU/CMakeFiles/CMakeTmp'


Source file was:
#include <pthread.h>

void* test_func(void* data)
{
  return data;
}

int main(void)
{
  pthread_t thread;
  pthread_create(&thread, NULL, test_func, NULL);
  pthread_detach(thread);
  pthread_join(thread, NULL);
  pthread_atfork(NULL, NULL, NULL);
  pthread_exit(NULL);

  return 0;
}

Determining if the function pthread_create exists in the pthreads failed with the following output:
Change Dir: /home/lulu/hyc/HPL_GPU/CMakeFiles/CMakeTmp

Run Build Command(s):/usr/bin/make cmTC_25990/fast && make[1]: Entering directory '/home/lulu/hyc/HPL_GPU/CMakeFiles/CMakeTmp'
/usr/bin/make -f CMakeFiles/cmTC_25990.dir/build.make CMakeFiles/cmTC_25990.dir/build
make[2]: Entering directory '/home/lulu/hyc/HPL_GPU/CMakeFiles/CMakeTmp'
Building CXX object CMakeFiles/cmTC_25990.dir/CheckFunctionExists.cxx.o
/usr/bin/c++    -DCHECK_FUNCTION_EXISTS=pthread_create   -o CMakeFiles/cmTC_25990.dir/CheckFunctionExists.cxx.o -c /home/lulu/hyc/HPL_GPU/CMakeFiles/CheckLibraryExists/CheckFunctionExists.cxx
Linking CXX executable cmTC_25990
/usr/bin/cmake -E cmake_link_script CMakeFiles/cmTC_25990.dir/link.txt --verbose=1
/usr/bin/c++   -DCHECK_FUNCTION_EXISTS=pthread_create    -rdynamic CMakeFiles/cmTC_25990.dir/CheckFunctionExists.cxx.o  -o cmTC_25990  -lpthreads 
/usr/bin/ld: cannot find -lpthreads
collect2: error: ld returned 1 exit status
make[2]: *** [CMakeFiles/cmTC_25990.dir/build.make:87: cmTC_25990] Error 1
make[2]: Leaving directory '/home/lulu/hyc/HPL_GPU/CMakeFiles/CMakeTmp'
make[1]: *** [Makefile:121: cmTC_25990/fast] Error 2
make[1]: Leaving directory '/home/lulu/hyc/HPL_GPU/CMakeFiles/CMakeTmp'



Determining if the function sgemm_ exists failed with the following output:
Change Dir: /home/lulu/hyc/HPL_GPU/CMakeFiles/CMakeTmp

Run Build Command(s):/usr/bin/make cmTC_2aa28/fast && make[1]: Entering directory '/home/lulu/hyc/HPL_GPU/CMakeFiles/CMakeTmp'
/usr/bin/make -f CMakeFiles/cmTC_2aa28.dir/build.make CMakeFiles/cmTC_2aa28.dir/build
make[2]: Entering directory '/home/lulu/hyc/HPL_GPU/CMakeFiles/CMakeTmp'
Building CXX object CMakeFiles/cmTC_2aa28.dir/CheckFunctionExists.cxx.o
/usr/bin/c++    -DCHECK_FUNCTION_EXISTS=sgemm_   -o CMakeFiles/cmTC_2aa28.dir/CheckFunctionExists.cxx.o -c /home/lulu/hyc/HPL_GPU/CMakeFiles/CheckFunctionExists/CheckFunctionExists.cxx
Linking CXX executable cmTC_2aa28
/usr/bin/cmake -E cmake_link_script CMakeFiles/cmTC_2aa28.dir/link.txt --verbose=1
/usr/bin/c++   -DCHECK_FUNCTION_EXISTS=sgemm_    -rdynamic CMakeFiles/cmTC_2aa28.dir/CheckFunctionExists.cxx.o  -o cmTC_2aa28 
/usr/bin/ld: CMakeFiles/cmTC_2aa28.dir/CheckFunctionExists.cxx.o: in function `main':
CheckFunctionExists.cxx:(.text+0x14): undefined reference to `sgemm_'
collect2: error: ld returned 1 exit status
make[2]: *** [CMakeFiles/cmTC_2aa28.dir/build.make:87: cmTC_2aa28] Error 1
make[2]: Leaving directory '/home/lulu/hyc/HPL_GPU/CMakeFiles/CMakeTmp'
make[1]: *** [Makefile:121: cmTC_2aa28/fast] Error 2
make[1]: Leaving directory '/home/lulu/hyc/HPL_GPU/CMakeFiles/CMakeTmp'



