Performing C++ SOURCE FILE Test CMAKE_HAVE_LIBC_PTHREAD failed with the following output:
Change Dir: /home/lulu/hyc/HPL_GPU/build/CMakeFiles/CMakeTmp

Run Build Command(s):/usr/bin/make cmTC_52dcc/fast && /usr/bin/make -f CMakeFiles/cmTC_52dcc.dir/build.make CMakeFiles/cmTC_52dcc.dir/build
make[1]: Entering directory '/home/lulu/hyc/HPL_GPU/build/CMakeFiles/CMakeTmp'
Building CXX object CMakeFiles/cmTC_52dcc.dir/src.cxx.o
/usr/bin/c++    -DCMAKE_HAVE_LIBC_PTHREAD   -o CMakeFiles/cmTC_52dcc.dir/src.cxx.o -c /home/lulu/hyc/HPL_GPU/build/CMakeFiles/CMakeTmp/src.cxx
Linking CXX executable cmTC_52dcc
/usr/bin/cmake -E cmake_link_script CMakeFiles/cmTC_52dcc.dir/link.txt --verbose=1
/usr/bin/c++   -DCMAKE_HAVE_LIBC_PTHREAD    -rdynamic CMakeFiles/cmTC_52dcc.dir/src.cxx.o  -o cmTC_52dcc 
/usr/bin/ld: CMakeFiles/cmTC_52dcc.dir/src.cxx.o: in function `main':
src.cxx:(.text+0x46): undefined reference to `pthread_create'
/usr/bin/ld: src.cxx:(.text+0x52): undefined reference to `pthread_detach'
/usr/bin/ld: src.cxx:(.text+0x63): undefined reference to `pthread_join'
collect2: error: ld returned 1 exit status
make[1]: *** [CMakeFiles/cmTC_52dcc.dir/build.make:87: cmTC_52dcc] Error 1
make[1]: Leaving directory '/home/lulu/hyc/HPL_GPU/build/CMakeFiles/CMakeTmp'
make: *** [Makefile:121: cmTC_52dcc/fast] Error 2


Source file was:
#include <pthread.h>

void* test_func(void* data)
{
  return data;
}

int main(void)
{
  pthread_t thread;
  pthread_create(&thread, NULL, test_func, NULL);
  pthread_detach(thread);
  pthread_join(thread, NULL);
  pthread_atfork(NULL, NULL, NULL);
  pthread_exit(NULL);

  return 0;
}

Determining if the function pthread_create exists in the pthreads failed with the following output:
Change Dir: /home/lulu/hyc/HPL_GPU/build/CMakeFiles/CMakeTmp

Run Build Command(s):/usr/bin/make cmTC_649fe/fast && /usr/bin/make -f CMakeFiles/cmTC_649fe.dir/build.make CMakeFiles/cmTC_649fe.dir/build
make[1]: Entering directory '/home/lulu/hyc/HPL_GPU/build/CMakeFiles/CMakeTmp'
Building CXX object CMakeFiles/cmTC_649fe.dir/CheckFunctionExists.cxx.o
/usr/bin/c++    -DCHECK_FUNCTION_EXISTS=pthread_create   -o CMakeFiles/cmTC_649fe.dir/CheckFunctionExists.cxx.o -c /home/lulu/hyc/HPL_GPU/build/CMakeFiles/CheckLibraryExists/CheckFunctionExists.cxx
Linking CXX executable cmTC_649fe
/usr/bin/cmake -E cmake_link_script CMakeFiles/cmTC_649fe.dir/link.txt --verbose=1
/usr/bin/c++   -DCHECK_FUNCTION_EXISTS=pthread_create    -rdynamic CMakeFiles/cmTC_649fe.dir/CheckFunctionExists.cxx.o  -o cmTC_649fe  -lpthreads 
/usr/bin/ld: cannot find -lpthreads
collect2: error: ld returned 1 exit status
make[1]: *** [CMakeFiles/cmTC_649fe.dir/build.make:87: cmTC_649fe] Error 1
make[1]: Leaving directory '/home/lulu/hyc/HPL_GPU/build/CMakeFiles/CMakeTmp'
make: *** [Makefile:121: cmTC_649fe/fast] Error 2



Determining if the function sgemm_ exists failed with the following output:
Change Dir: /home/lulu/hyc/HPL_GPU/build/CMakeFiles/CMakeTmp

Run Build Command(s):/usr/bin/make cmTC_8fc3f/fast && /usr/bin/make -f CMakeFiles/cmTC_8fc3f.dir/build.make CMakeFiles/cmTC_8fc3f.dir/build
make[1]: Entering directory '/home/lulu/hyc/HPL_GPU/build/CMakeFiles/CMakeTmp'
Building CXX object CMakeFiles/cmTC_8fc3f.dir/CheckFunctionExists.cxx.o
/usr/bin/c++    -DCHECK_FUNCTION_EXISTS=sgemm_   -o CMakeFiles/cmTC_8fc3f.dir/CheckFunctionExists.cxx.o -c /home/lulu/hyc/HPL_GPU/build/CMakeFiles/CheckFunctionExists/CheckFunctionExists.cxx
Linking CXX executable cmTC_8fc3f
/usr/bin/cmake -E cmake_link_script CMakeFiles/cmTC_8fc3f.dir/link.txt --verbose=1
/usr/bin/c++   -DCHECK_FUNCTION_EXISTS=sgemm_    -rdynamic CMakeFiles/cmTC_8fc3f.dir/CheckFunctionExists.cxx.o  -o cmTC_8fc3f 
/usr/bin/ld: CMakeFiles/cmTC_8fc3f.dir/CheckFunctionExists.cxx.o: in function `main':
CheckFunctionExists.cxx:(.text+0x14): undefined reference to `sgemm_'
collect2: error: ld returned 1 exit status
make[1]: *** [CMakeFiles/cmTC_8fc3f.dir/build.make:87: cmTC_8fc3f] Error 1
make[1]: Leaving directory '/home/lulu/hyc/HPL_GPU/build/CMakeFiles/CMakeTmp'
make: *** [Makefile:121: cmTC_8fc3f/fast] Error 2



